2025/10/24 21:34:33 [crit] 1#1: pread() "/etc/nginx/conf.d/default.conf" failed (21: Is a directory)
2025/10/24 21:34:34 [crit] 1#1: pread() "/etc/nginx/conf.d/default.conf" failed (21: Is a directory)
2025/10/24 21:34:34 [crit] 1#1: pread() "/etc/nginx/conf.d/default.conf" failed (21: Is a directory)
2025/10/24 21:34:35 [crit] 1#1: pread() "/etc/nginx/conf.d/default.conf" failed (21: Is a directory)
2025/10/24 21:34:36 [crit] 1#1: pread() "/etc/nginx/conf.d/default.conf" failed (21: Is a directory)
2025/10/24 21:34:38 [crit] 1#1: pread() "/etc/nginx/conf.d/default.conf" failed (21: Is a directory)
2025/10/24 21:34:42 [crit] 1#1: pread() "/etc/nginx/conf.d/default.conf" failed (21: Is a directory)
2025/10/24 21:34:48 [crit] 1#1: pread() "/etc/nginx/conf.d/default.conf" failed (21: Is a directory)
2025/10/24 21:35:02 [crit] 1#1: pread() "/etc/nginx/conf.d/default.conf" failed (21: Is a directory)
2025/10/24 21:35:28 [crit] 1#1: pread() "/etc/nginx/conf.d/default.conf" failed (21: Is a directory)
2025/10/24 21:36:19 [crit] 1#1: pread() "/etc/nginx/conf.d/default.conf" failed (21: Is a directory)
2025/10/24 21:36:49 [crit] 1#1: pread() "/etc/nginx/conf.d/default.conf" failed (21: Is a directory)
2025/10/24 21:36:50 [crit] 1#1: pread() "/etc/nginx/conf.d/default.conf" failed (21: Is a directory)
2025/10/24 21:36:50 [crit] 1#1: pread() "/etc/nginx/conf.d/default.conf" failed (21: Is a directory)
2025/10/24 21:36:51 [crit] 1#1: pread() "/etc/nginx/conf.d/default.conf" failed (21: Is a directory)
2025/10/24 21:36:52 [crit] 1#1: pread() "/etc/nginx/conf.d/default.conf" failed (21: Is a directory)
2025/10/24 21:36:54 [crit] 1#1: pread() "/etc/nginx/conf.d/default.conf" failed (21: Is a directory)
2025/10/24 21:36:58 [crit] 1#1: pread() "/etc/nginx/conf.d/default.conf" failed (21: Is a directory)
2025/10/24 21:37:05 [crit] 1#1: pread() "/etc/nginx/conf.d/default.conf" failed (21: Is a directory)
2025/10/24 21:37:18 [crit] 1#1: pread() "/etc/nginx/conf.d/default.conf" failed (21: Is a directory)
2025/10/24 21:37:44 [crit] 1#1: pread() "/etc/nginx/conf.d/default.conf" failed (21: Is a directory)
2025/10/24 21:38:36 [crit] 1#1: pread() "/etc/nginx/conf.d/default.conf" failed (21: Is a directory)
2025/10/24 21:39:36 [crit] 1#1: pread() "/etc/nginx/conf.d/default.conf" failed (21: Is a directory)
2025/10/24 21:44:27 [crit] 1#1: pread() "/etc/nginx/conf.d/default.conf" failed (21: Is a directory)
2025/10/24 21:44:28 [crit] 1#1: pread() "/etc/nginx/conf.d/default.conf" failed (21: Is a directory)
2025/10/24 21:44:28 [crit] 1#1: pread() "/etc/nginx/conf.d/default.conf" failed (21: Is a directory)
2025/10/24 21:44:29 [crit] 1#1: pread() "/etc/nginx/conf.d/default.conf" failed (21: Is a directory)
2025/10/24 21:44:30 [crit] 1#1: pread() "/etc/nginx/conf.d/default.conf" failed (21: Is a directory)
2025/10/24 21:44:32 [crit] 1#1: pread() "/etc/nginx/conf.d/default.conf" failed (21: Is a directory)
2025/10/24 21:44:36 [crit] 1#1: pread() "/etc/nginx/conf.d/default.conf" failed (21: Is a directory)
2025/10/24 21:44:42 [crit] 1#1: pread() "/etc/nginx/conf.d/default.conf" failed (21: Is a directory)
2025/10/24 21:44:56 [crit] 1#1: pread() "/etc/nginx/conf.d/default.conf" failed (21: Is a directory)
2025/10/24 21:45:22 [crit] 1#1: pread() "/etc/nginx/conf.d/default.conf" failed (21: Is a directory)
2025/10/24 21:46:13 [crit] 1#1: pread() "/etc/nginx/conf.d/default.conf" failed (21: Is a directory)
2025/10/24 21:47:49 [warn] 1#1: the "listen ... http2" directive is deprecated, use the "http2" directive instead in /etc/nginx/conf.d/default.conf:54
2025/10/24 21:47:49 [warn] 1#1: the "listen ... http2" directive is deprecated, use the "http2" directive instead in /etc/nginx/conf.d/default.conf:55
2025/10/24 21:47:49 [notice] 1#1: using the "epoll" event method
2025/10/24 21:47:49 [notice] 1#1: nginx/1.29.2
2025/10/24 21:47:49 [notice] 1#1: built by gcc 14.2.0 (Alpine 14.2.0) 
2025/10/24 21:47:49 [notice] 1#1: OS: Linux 6.14.0-33-generic
2025/10/24 21:47:49 [notice] 1#1: getrlimit(RLIMIT_NOFILE): 1048576:1048576
2025/10/24 21:47:49 [notice] 1#1: start worker processes
2025/10/24 21:47:49 [notice] 1#1: start worker process 21
2025/10/24 21:47:49 [notice] 1#1: start worker process 22
2025/10/24 21:47:49 [notice] 1#1: start worker process 23
2025/10/24 21:47:49 [notice] 1#1: start worker process 24
2025/10/24 21:50:47 [warn] 1#1: the "listen ... http2" directive is deprecated, use the "http2" directive instead in /etc/nginx/conf.d/default.conf:54
2025/10/24 21:50:47 [warn] 1#1: the "listen ... http2" directive is deprecated, use the "http2" directive instead in /etc/nginx/conf.d/default.conf:55
2025/10/24 21:50:47 [notice] 1#1: using the "epoll" event method
2025/10/24 21:50:47 [notice] 1#1: nginx/1.29.2
2025/10/24 21:50:47 [notice] 1#1: built by gcc 14.2.0 (Alpine 14.2.0) 
2025/10/24 21:50:47 [notice] 1#1: OS: Linux 6.14.0-33-generic
2025/10/24 21:50:47 [notice] 1#1: getrlimit(RLIMIT_NOFILE): 1048576:1048576
2025/10/24 21:50:47 [notice] 1#1: start worker processes
2025/10/24 21:50:47 [notice] 1#1: start worker process 21
2025/10/24 21:50:47 [notice] 1#1: start worker process 22
2025/10/24 21:50:47 [notice] 1#1: start worker process 23
2025/10/24 21:50:47 [notice] 1#1: start worker process 24
2025/10/24 21:52:28 [notice] 1#1: signal 3 (SIGQUIT) received, shutting down
2025/10/24 21:52:28 [notice] 21#21: gracefully shutting down
2025/10/24 21:52:28 [notice] 21#21: exiting
2025/10/24 21:52:28 [notice] 22#22: gracefully shutting down
2025/10/24 21:52:28 [notice] 22#22: exiting
2025/10/24 21:52:28 [notice] 23#23: gracefully shutting down
2025/10/24 21:52:28 [notice] 23#23: exiting
2025/10/24 21:52:28 [notice] 24#24: gracefully shutting down
2025/10/24 21:52:28 [notice] 24#24: exiting
2025/10/24 21:52:28 [notice] 24#24: exit
2025/10/24 21:52:28 [notice] 22#22: exit
2025/10/24 21:52:28 [notice] 23#23: exit
2025/10/24 21:52:28 [notice] 21#21: exit
2025/10/24 21:52:28 [notice] 1#1: signal 17 (SIGCHLD) received from 24
2025/10/24 21:52:28 [notice] 1#1: worker process 24 exited with code 0
2025/10/24 21:52:28 [notice] 1#1: signal 29 (SIGIO) received
2025/10/24 21:52:28 [notice] 1#1: signal 17 (SIGCHLD) received from 22
2025/10/24 21:52:28 [notice] 1#1: worker process 22 exited with code 0
2025/10/24 21:52:28 [notice] 1#1: signal 29 (SIGIO) received
2025/10/24 21:52:28 [notice] 1#1: signal 17 (SIGCHLD) received from 21
2025/10/24 21:52:28 [notice] 1#1: worker process 21 exited with code 0
2025/10/24 21:52:28 [notice] 1#1: worker process 23 exited with code 0
2025/10/24 21:52:28 [notice] 1#1: exit
2025/10/24 22:03:30 [warn] 1#1: the "listen ... http2" directive is deprecated, use the "http2" directive instead in /etc/nginx/conf.d/default.conf:54
2025/10/24 22:03:30 [warn] 1#1: the "listen ... http2" directive is deprecated, use the "http2" directive instead in /etc/nginx/conf.d/default.conf:55
2025/10/24 22:03:30 [notice] 1#1: using the "epoll" event method
2025/10/24 22:03:30 [notice] 1#1: nginx/1.29.2
2025/10/24 22:03:30 [notice] 1#1: built by gcc 14.2.0 (Alpine 14.2.0) 
2025/10/24 22:03:30 [notice] 1#1: OS: Linux 6.14.0-33-generic
2025/10/24 22:03:30 [notice] 1#1: getrlimit(RLIMIT_NOFILE): 1048576:1048576
2025/10/24 22:03:30 [notice] 1#1: start worker processes
2025/10/24 22:03:30 [notice] 1#1: start worker process 21
2025/10/24 22:03:30 [notice] 1#1: start worker process 22
2025/10/24 22:03:30 [notice] 1#1: start worker process 23
2025/10/24 22:03:30 [notice] 1#1: start worker process 24
2025/10/24 22:37:07 [notice] 1#1: signal 3 (SIGQUIT) received, shutting down
2025/10/24 22:37:07 [notice] 21#21: gracefully shutting down
2025/10/24 22:37:07 [notice] 21#21: exiting
2025/10/24 22:37:07 [notice] 22#22: gracefully shutting down
2025/10/24 22:37:07 [notice] 22#22: exiting
2025/10/24 22:37:07 [notice] 23#23: gracefully shutting down
2025/10/24 22:37:07 [notice] 23#23: exiting
2025/10/24 22:37:07 [notice] 24#24: gracefully shutting down
2025/10/24 22:37:07 [notice] 24#24: exiting
2025/10/24 22:37:07 [notice] 24#24: exit
2025/10/24 22:37:07 [notice] 23#23: exit
2025/10/24 22:37:07 [notice] 21#21: exit
2025/10/24 22:37:07 [notice] 22#22: exit
2025/10/24 22:37:07 [notice] 1#1: signal 17 (SIGCHLD) received from 21
2025/10/24 22:37:07 [notice] 1#1: worker process 21 exited with code 0
2025/10/24 22:37:07 [notice] 1#1: signal 29 (SIGIO) received
2025/10/24 22:37:07 [notice] 1#1: signal 17 (SIGCHLD) received from 23
2025/10/24 22:37:07 [notice] 1#1: worker process 23 exited with code 0
2025/10/24 22:37:07 [notice] 1#1: signal 29 (SIGIO) received
2025/10/24 22:37:07 [notice] 1#1: signal 17 (SIGCHLD) received from 24
2025/10/24 22:37:07 [notice] 1#1: worker process 24 exited with code 0
2025/10/24 22:37:07 [notice] 1#1: signal 17 (SIGCHLD) received from 22
2025/10/24 22:37:07 [notice] 1#1: worker process 22 exited with code 0
2025/10/24 22:37:07 [notice] 1#1: exit
2025/10/25 20:44:55 [warn] 1#1: the "listen ... http2" directive is deprecated, use the "http2" directive instead in /etc/nginx/conf.d/default.conf:54
2025/10/25 20:44:55 [warn] 1#1: the "listen ... http2" directive is deprecated, use the "http2" directive instead in /etc/nginx/conf.d/default.conf:55
2025/10/25 20:44:55 [notice] 1#1: using the "epoll" event method
2025/10/25 20:44:55 [notice] 1#1: nginx/1.29.2
2025/10/25 20:44:55 [notice] 1#1: built by gcc 14.2.0 (Alpine 14.2.0) 
2025/10/25 20:44:55 [notice] 1#1: OS: Linux 6.14.0-33-generic
2025/10/25 20:44:55 [notice] 1#1: getrlimit(RLIMIT_NOFILE): 1048576:1048576
2025/10/25 20:44:55 [notice] 1#1: start worker processes
2025/10/25 20:44:55 [notice] 1#1: start worker process 21
2025/10/25 20:44:55 [notice] 1#1: start worker process 22
2025/10/25 20:44:55 [notice] 1#1: start worker process 23
2025/10/25 20:44:55 [notice] 1#1: start worker process 24
2025/10/25 22:31:30 [notice] 1#1: signal 3 (SIGQUIT) received, shutting down
2025/10/25 22:31:30 [notice] 21#21: gracefully shutting down
2025/10/25 22:31:30 [notice] 23#23: gracefully shutting down
2025/10/25 22:31:30 [notice] 23#23: exiting
2025/10/25 22:31:30 [notice] 22#22: gracefully shutting down
2025/10/25 22:31:30 [notice] 22#22: exiting
2025/10/25 22:31:30 [notice] 24#24: gracefully shutting down
2025/10/25 22:31:30 [notice] 24#24: exiting
2025/10/25 22:31:30 [notice] 21#21: exiting
2025/10/25 22:31:30 [notice] 21#21: exit
2025/10/25 22:31:30 [notice] 23#23: exit
2025/10/25 22:31:30 [notice] 24#24: exit
2025/10/25 22:31:30 [notice] 22#22: exit
2025/10/25 22:31:31 [notice] 1#1: signal 17 (SIGCHLD) received from 22
2025/10/25 22:31:31 [notice] 1#1: worker process 22 exited with code 0
2025/10/25 22:31:31 [notice] 1#1: signal 29 (SIGIO) received
2025/10/25 22:31:31 [notice] 1#1: signal 17 (SIGCHLD) received from 21
2025/10/25 22:31:31 [notice] 1#1: worker process 21 exited with code 0
2025/10/25 22:31:31 [notice] 1#1: worker process 24 exited with code 0
2025/10/25 22:31:31 [notice] 1#1: signal 29 (SIGIO) received
2025/10/25 22:31:31 [notice] 1#1: signal 17 (SIGCHLD) received from 23
2025/10/25 22:31:31 [notice] 1#1: worker process 23 exited with code 0
2025/10/25 22:31:31 [notice] 1#1: exit
2025/10/25 22:31:42 [warn] 1#1: the "listen ... http2" directive is deprecated, use the "http2" directive instead in /etc/nginx/conf.d/default.conf:54
2025/10/25 22:31:42 [warn] 1#1: the "listen ... http2" directive is deprecated, use the "http2" directive instead in /etc/nginx/conf.d/default.conf:55
2025/10/25 22:31:42 [notice] 1#1: using the "epoll" event method
2025/10/25 22:31:42 [notice] 1#1: nginx/1.29.2
2025/10/25 22:31:42 [notice] 1#1: built by gcc 14.2.0 (Alpine 14.2.0) 
2025/10/25 22:31:42 [notice] 1#1: OS: Linux 6.14.0-33-generic
2025/10/25 22:31:42 [notice] 1#1: getrlimit(RLIMIT_NOFILE): 1048576:1048576
2025/10/25 22:31:42 [notice] 1#1: start worker processes
2025/10/25 22:31:42 [notice] 1#1: start worker process 21
2025/10/25 22:31:42 [notice] 1#1: start worker process 22
2025/10/25 22:31:42 [notice] 1#1: start worker process 23
2025/10/25 22:31:42 [notice] 1#1: start worker process 24
2025/10/29 16:25:27 [notice] 1#1: signal 3 (SIGQUIT) received, shutting down
2025/10/29 16:25:27 [notice] 22#22: gracefully shutting down
2025/10/29 16:25:27 [notice] 24#24: gracefully shutting down
2025/10/29 16:25:27 [notice] 23#23: gracefully shutting down
2025/10/29 16:25:27 [notice] 21#21: gracefully shutting down
2025/10/29 16:25:27 [notice] 22#22: exiting
2025/10/29 16:25:27 [notice] 21#21: exiting
2025/10/29 16:25:27 [notice] 24#24: exiting
2025/10/29 16:25:27 [notice] 23#23: exiting
2025/10/29 16:25:27 [notice] 24#24: exit
2025/10/29 16:25:27 [notice] 23#23: exit
2025/10/29 16:25:27 [notice] 21#21: exit
2025/10/29 16:25:27 [notice] 22#22: exit
2025/10/29 16:25:27 [notice] 1#1: signal 17 (SIGCHLD) received from 21
2025/10/29 16:25:27 [notice] 1#1: worker process 21 exited with code 0
2025/10/29 16:25:27 [notice] 1#1: worker process 22 exited with code 0
2025/10/29 16:25:27 [notice] 1#1: worker process 23 exited with code 0
2025/10/29 16:25:27 [notice] 1#1: signal 17 (SIGCHLD) received from 23
2025/10/29 16:25:27 [notice] 1#1: worker process 24 exited with code 0
2025/10/29 16:25:27 [notice] 1#1: exit
2025/10/29 16:25:51 [warn] 1#1: the "listen ... http2" directive is deprecated, use the "http2" directive instead in /etc/nginx/conf.d/default.conf:54
2025/10/29 16:25:51 [warn] 1#1: the "listen ... http2" directive is deprecated, use the "http2" directive instead in /etc/nginx/conf.d/default.conf:55
2025/10/29 16:25:51 [notice] 1#1: using the "epoll" event method
2025/10/29 16:25:51 [notice] 1#1: nginx/1.29.2
2025/10/29 16:25:51 [notice] 1#1: built by gcc 14.2.0 (Alpine 14.2.0) 
2025/10/29 16:25:51 [notice] 1#1: OS: Linux 6.14.0-33-generic
2025/10/29 16:25:51 [notice] 1#1: getrlimit(RLIMIT_NOFILE): 1048576:1048576
2025/10/29 16:25:51 [notice] 1#1: start worker processes
2025/10/29 16:25:51 [notice] 1#1: start worker process 21
2025/10/29 16:25:51 [notice] 1#1: start worker process 22
2025/10/29 16:25:51 [notice] 1#1: start worker process 23
2025/10/29 16:25:51 [notice] 1#1: start worker process 24
2025/10/29 16:46:53 [notice] 1#1: signal 3 (SIGQUIT) received, shutting down
2025/10/29 16:46:53 [notice] 21#21: gracefully shutting down
2025/10/29 16:46:53 [notice] 23#23: gracefully shutting down
2025/10/29 16:46:53 [notice] 21#21: exiting
2025/10/29 16:46:53 [notice] 23#23: exiting
2025/10/29 16:46:53 [notice] 22#22: gracefully shutting down
2025/10/29 16:46:53 [notice] 22#22: exiting
2025/10/29 16:46:53 [notice] 24#24: gracefully shutting down
2025/10/29 16:46:53 [notice] 24#24: exiting
2025/10/29 16:46:53 [notice] 22#22: exit
2025/10/29 16:46:53 [notice] 23#23: exit
2025/10/29 16:46:53 [notice] 24#24: exit
2025/10/29 16:46:53 [notice] 21#21: exit
2025/10/29 16:46:53 [notice] 1#1: signal 17 (SIGCHLD) received from 24
2025/10/29 16:46:53 [notice] 1#1: worker process 21 exited with code 0
2025/10/29 16:46:53 [notice] 1#1: worker process 24 exited with code 0
2025/10/29 16:46:53 [notice] 1#1: signal 29 (SIGIO) received
2025/10/29 16:46:53 [notice] 1#1: signal 17 (SIGCHLD) received from 21
2025/10/29 16:46:53 [notice] 1#1: signal 17 (SIGCHLD) received from 23
2025/10/29 16:46:53 [notice] 1#1: worker process 23 exited with code 0
2025/10/29 16:46:53 [notice] 1#1: signal 29 (SIGIO) received
2025/10/29 16:46:53 [notice] 1#1: signal 17 (SIGCHLD) received from 22
2025/10/29 16:46:53 [notice] 1#1: worker process 22 exited with code 0
2025/10/29 16:46:53 [notice] 1#1: exit
